<?xml version="1.0" encoding="UTF-8"?>
<!-- Generated by org.testng.reporters.JUnitReportReporter -->
<testsuite hostname="DESKTOP-TPO04OI" failures="0" tests="9" name="tests.TestClassNG" time="164.367" errors="0" timestamp="2022-07-12T15:57:16 IST" skipped="0">
  <testcase classname="tests.TestClassNG" name="testTaskList" time="17.228"/>
  <system-out/>
  <testcase classname="tests.TestClassNG" name="testUserList" time="13.474"/>
  <system-out/>
  <testcase classname="tests.TestClassNG" name="testUserList" time="12.092"/>
  <system-out/>
  <testcase classname="tests.TestClassNG" name="testTaskList" time="24.908"/>
  <system-out/>
  <testcase classname="tests.TestClassNG" name="testTaskList" time="23.311"/>
  <system-out/>
  <testcase classname="tests.TestClassNG" name="testUserList" time="13.998"/>
  <system-out/>
  <testcase classname="tests.TestClassNG" name="testReportDashBoard" time="24.990"/>
  <system-out/>
  <testcase classname="tests.TestClassNG" name="testReportDashBoard" time="16.934"/>
  <system-out/>
  <testcase classname="tests.TestClassNG" name="testReportDashBoard" time="17.432"/>
  <system-out/>
</testsuite> <!-- tests.TestClassNG -->
